# JRE version: OpenJDK Runtime Environment Temurin-21.0.7+6 (21.0.7+6) (build 21.0.7+6-LTS)
# Java VM: OpenJDK 64-Bit Server VM Temurin-21.0.7+6 (21.0.7+6-LTS, mixed mode, emulated-client, sharing, tiered, compressed oops, compressed class ptrs, g1 gc, windows-amd64)
GC Precious Log:
 CardTable entry size: 512
 Card Set container configuration: InlinePtr #cards 5 size 8 Array Of Cards #cards 12 size 40 Howl #buckets 4 coarsen threshold 1843 Howl Bitmap #cards 512 size 80 coarsen threshold 460 Card regions per heap region 1 cards per card region 2048
 CPUs: 8 total, 8 available
 Memory: 7914M
 Large Page Support: Disabled
 NUMA Support: Disabled
 Compressed Oops: Enabled (32-bit)
 Heap Region Size: 1M
 Heap Min Capacity: 8M
 Heap Initial Capacity: 124M
 Heap Max Capacity: 1980M
 Pre-touch: Disabled
 Parallel Workers: 8
 Concurrent Workers: 2
 Concurrent Refinement Workers: 8
 Periodic GC: Disabled
Heap:
 garbage-first heap   total 109568K, used 87867K [0x0000000084400000, 0x0000000100000000)
  region size 1024K, 51 young (52224K), 6 survivors (6144K)
 Metaspace       used 80345K, committed 81152K, reserved 1179648K
  class space    used 11168K, committed 11520K, reserved 1048576K
GC Heap History (20 events):
Event: 8.753 GC heap after
{Heap after GC invocations=22 (full 0):
 garbage-first heap   total 109568K, used 42456K [0x0000000084400000, 0x0000000100000000)
  region size 1024K, 7 young (7168K), 7 survivors (7168K)
 Metaspace       used 68893K, committed 69632K, reserved 1114112K
  class space    used 9625K, committed 9984K, reserved 1048576K
}
Event: 9.533 GC heap before
{Heap before GC invocations=22 (full 0):
 garbage-first heap   total 109568K, used 94680K [0x0000000084400000, 0x0000000100000000)
  region size 1024K, 59 young (60416K), 7 survivors (7168K)
 Metaspace       used 73148K, committed 73920K, reserved 1114112K
  class space    used 10228K, committed 10560K, reserved 1048576K
}
Event: 9.542 GC heap after
{Heap after GC invocations=23 (full 0):
 garbage-first heap   total 109568K, used 45422K [0x0000000084400000, 0x0000000100000000)
  region size 1024K, 7 young (7168K), 7 survivors (7168K)
 Metaspace       used 73148K, committed 73920K, reserved 1114112K
  class space    used 10228K, committed 10560K, reserved 1048576K
}
Event: 112.677 GC heap before
{Heap before GC invocations=23 (full 0):
 garbage-first heap   total 109568K, used 94574K [0x0000000084400000, 0x0000000100000000)
  region size 1024K, 56 young (57344K), 7 survivors (7168K)
 Metaspace       used 78055K, committed 78912K, reserved 1179648K
  class space    used 10903K, committed 11264K, reserved 1048576K
}
Event: 112.729 GC heap after
{Heap after GC invocations=24 (full 0):
 garbage-first heap   total 109568K, used 48794K [0x0000000084400000, 0x0000000100000000)
  region size 1024K, 7 young (7168K), 7 survivors (7168K)
 Metaspace       used 78055K, committed 78912K, reserved 1179648K
  class space    used 10903K, committed 11264K, reserved 1048576K
}
Event: 1135.756 GC heap before
{Heap before GC invocations=25 (full 0):
 garbage-first heap   total 109568K, used 88730K [0x0000000084400000, 0x0000000100000000)
  region size 1024K, 48 young (49152K), 7 survivors (7168K)
 Metaspace       used 79299K, committed 80000K, reserved 1179648K
  class space    used 11065K, committed 11392K, reserved 1048576K
}
Event: 1136.082 GC heap after
{Heap after GC invocations=26 (full 1):
 garbage-first heap   total 109568K, used 34033K [0x0000000084400000, 0x0000000100000000)
  region size 1024K, 0 young (0K), 0 survivors (0K)
 Metaspace       used 79160K, committed 80000K, reserved 1179648K
  class space    used 11029K, committed 11392K, reserved 1048576K
}
Event: 1137.748 GC heap before
{Heap before GC invocations=26 (full 1):
 garbage-first heap   total 109568K, used 96497K [0x0000000084400000, 0x0000000100000000)
  region size 1024K, 61 young (62464K), 0 survivors (0K)
 Metaspace       used 79339K, committed 80064K, reserved 1179648K
  class space    used 11073K, committed 11392K, reserved 1048576K
}
Event: 1137.762 GC heap after
{Heap after GC invocations=27 (full 1):
 garbage-first heap   total 109568K, used 40311K [0x0000000084400000, 0x0000000100000000)
  region size 1024K, 7 young (7168K), 7 survivors (7168K)
 Metaspace       used 79339K, committed 80064K, reserved 1179648K
  class space    used 11073K, committed 11392K, reserved 1048576K
}
Event: 1224.243 GC heap before
{Heap before GC invocations=27 (full 1):
 garbage-first heap   total 109568K, used 77175K [0x0000000084400000, 0x0000000100000000)
  region size 1024K, 44 young (45056K), 7 survivors (7168K)
 Metaspace       used 79747K, committed 80512K, reserved 1179648K
  class space    used 11127K, committed 11456K, reserved 1048576K
}
Event: 1224.654 GC heap after
{Heap after GC invocations=28 (full 2):
 garbage-first heap   total 109568K, used 38206K [0x0000000084400000, 0x0000000100000000)
  region size 1024K, 0 young (0K), 0 survivors (0K)
 Metaspace       used 79630K, committed 80512K, reserved 1179648K
  class space    used 11098K, committed 11456K, reserved 1048576K
}
Event: 1225.987 GC heap before
{Heap before GC invocations=28 (full 2):
 garbage-first heap   total 109568K, used 85310K [0x0000000084400000, 0x0000000100000000)
  region size 1024K, 48 young (49152K), 0 survivors (0K)
 Metaspace       used 79667K, committed 80512K, reserved 1179648K
  class space    used 11104K, committed 11456K, reserved 1048576K
}
Event: 1225.999 GC heap after
{Heap after GC invocations=29 (full 2):
 garbage-first heap   total 109568K, used 43068K [0x0000000084400000, 0x0000000100000000)
  region size 1024K, 5 young (5120K), 5 survivors (5120K)
 Metaspace       used 79667K, committed 80512K, reserved 1179648K
  class space    used 11104K, committed 11456K, reserved 1048576K
}
Event: 1620.159 GC heap before
{Heap before GC invocations=30 (full 2):
 garbage-first heap   total 109568K, used 95292K [0x0000000084400000, 0x0000000100000000)
  region size 1024K, 55 young (56320K), 5 survivors (5120K)
 Metaspace       used 79872K, committed 80640K, reserved 1179648K
  class space    used 11105K, committed 11456K, reserved 1048576K
}
Event: 1620.281 GC heap after
{Heap after GC invocations=31 (full 2):
 garbage-first heap   total 109568K, used 46197K [0x0000000084400000, 0x0000000100000000)
  region size 1024K, 6 young (6144K), 6 survivors (6144K)
 Metaspace       used 79872K, committed 80640K, reserved 1179648K
  class space    used 11105K, committed 11456K, reserved 1048576K
}
Event: 1650.987 GC heap before
{Heap before GC invocations=31 (full 2):
 garbage-first heap   total 109568K, used 48245K [0x0000000084400000, 0x0000000100000000)
  region size 1024K, 9 young (9216K), 6 survivors (6144K)
 Metaspace       used 79892K, committed 80640K, reserved 1179648K
  class space    used 11106K, committed 11456K, reserved 1048576K
}
Event: 1651.389 GC heap after
{Heap after GC invocations=32 (full 3):
 garbage-first heap   total 109568K, used 36503K [0x0000000084400000, 0x0000000100000000)
  region size 1024K, 0 young (0K), 0 survivors (0K)
 Metaspace       used 79745K, committed 80640K, reserved 1179648K
  class space    used 11071K, committed 11456K, reserved 1048576K
}
Event: 1653.767 GC heap before
{Heap before GC invocations=32 (full 3):
 garbage-first heap   total 109568K, used 92823K [0x0000000084400000, 0x0000000100000000)
  region size 1024K, 55 young (56320K), 0 survivors (0K)
 Metaspace       used 79897K, committed 80704K, reserved 1179648K
  class space    used 11107K, committed 11456K, reserved 1048576K
}
Event: 1653.775 GC heap after
{Heap after GC invocations=33 (full 3):
 garbage-first heap   total 109568K, used 42312K [0x0000000084400000, 0x0000000100000000)
  region size 1024K, 6 young (6144K), 6 survivors (6144K)
 Metaspace       used 79897K, committed 80704K, reserved 1179648K
  class space    used 11107K, committed 11456K, reserved 1048576K
}
Event: 1855.720 GC heap before
{Heap before GC invocations=33 (full 3):
 garbage-first heap   total 109568K, used 87368K [0x0000000084400000, 0x0000000100000000)
  region size 1024K, 51 young (52224K), 6 survivors (6144K)
 Metaspace       used 80345K, committed 81152K, reserved 1179648K
  class space    used 11168K, committed 11520K, reserved 1048576K
}

